简单模式：基于多数投票，不使用权重

文件 1 (result.json) 总条目数: 2650
文件 2 (corrected_responses.jsonl ) 总条目数: 2650
所有文件共同条目数: 2650
在文件 1 (result.json) 中缺失的条目数: 0
在文件 2 (corrected_responses.jsonl ) 中缺失的条目数: 0
值不同的条目数: 88

所有不同值:
  索引 22: 文件 1: 246, 文件 2: 171
  索引 46: 文件 1: 156, 文件 2: 37
  索引 78: 文件 1: 71, 文件 2: 234
  索引 94: 文件 1: 63, 文件 2: 221
  索引 177: 文件 1: 137, 文件 2: 177
  索引 248: 文件 1: 239, 文件 2: 137
  索引 275: 文件 1: 208, 文件 2: 164
  索引 340: 文件 1: 86, 文件 2: 206
  索引 493: 文件 1: 235, 文件 2: 242
  索引 539: 文件 1: 117, 文件 2: 239
  索引 555: 文件 1: 24, 文件 2: 146
  索引 581: 文件 1: 74, 文件 2: 239
  索引 606: 文件 1: 35, 文件 2: 199
  索引 643: 文件 1: 150, 文件 2: 88
  索引 675: 文件 1: 130, 文件 2: 222
  索引 706: 文件 1: 243, 文件 2: 202
  索引 799: 文件 1: 163, 文件 2: 87
  索引 800: 文件 1: 200, 文件 2: 45
  索引 804: 文件 1: 70, 文件 2: 125
  索引 811: 文件 1: 186, 文件 2: 263
  索引 819: 文件 1: 92, 文件 2: 247
  索引 829: 文件 1: 63, 文件 2: 230
  索引 843: 文件 1: 246, 文件 2: 171
  索引 850: 文件 1: 32, 文件 2: 25
  索引 902: 文件 1: 131, 文件 2: 234
  索引 964: 文件 1: 252, 文件 2: 177
  索引 998: 文件 1: 75, 文件 2: 247
  索引 999: 文件 1: 109, 文件 2: 157
  索引 1047: 文件 1: 229, 文件 2: 87
  索引 1052: 文件 1: 247, 文件 2: 22
  索引 1091: 文件 1: 3, 文件 2: 150
  索引 1124: 文件 1: 165, 文件 2: 88
  索引 1138: 文件 1: 243, 文件 2: 137
  索引 1167: 文件 1: 210, 文件 2: 45
  索引 1168: 文件 1: 263, 文件 2: 44
  索引 1246: 文件 1: 114, 文件 2: 42
  索引 1249: 文件 1: 23, 文件 2: 45
  索引 1279: 文件 1: 236, 文件 2: 256
  索引 1340: 文件 1: 1, 文件 2: 178
  索引 1345: 文件 1: 254, 文件 2: 2
  索引 1349: 文件 1: 137, 文件 2: 177
  索引 1354: 文件 1: 45, 文件 2: 243
  索引 1388: 文件 1: 212, 文件 2: 100
  索引 1411: 文件 1: 225, 文件 2: 55
  索引 1413: 文件 1: 45, 文件 2: 234
  索引 1464: 文件 1: 130, 文件 2: 256
  索引 1489: 文件 1: 226, 文件 2: 45
  索引 1522: 文件 1: 254, 文件 2: 2
  索引 1548: 文件 1: 250, 文件 2: 87
  索引 1569: 文件 1: 206, 文件 2: 227
  索引 1570: 文件 1: 63, 文件 2: 172
  索引 1585: 文件 1: 105, 文件 2: 149
  索引 1615: 文件 1: 227, 文件 2: 160
  索引 1635: 文件 1: 70, 文件 2: 125
  索引 1643: 文件 1: 49, 文件 2: 114
  索引 1701: 文件 1: 255, 文件 2: 73
  索引 1711: 文件 1: 229, 文件 2: 213
  索引 1742: 文件 1: 91, 文件 2: 27
  索引 1748: 文件 1: 196, 文件 2: 174
  索引 1758: 文件 1: 130, 文件 2: 61
  索引 1770: 文件 1: 63, 文件 2: 230
  索引 1774: 文件 1: 39, 文件 2: 212
  索引 1820: 文件 1: 233, 文件 2: 199
  索引 1853: 文件 1: 164, 文件 2: 52
  索引 1925: 文件 1: 100, 文件 2: 97
  索引 1967: 文件 1: 100, 文件 2: 51
  索引 1984: 文件 1: 18, 文件 2: 34
  索引 2053: 文件 1: 161, 文件 2: 178
  索引 2055: 文件 1: 119, 文件 2: 234
  索引 2094: 文件 1: 86, 文件 2: 180
  索引 2097: 文件 1: 24, 文件 2: 47
  索引 2142: 文件 1: 247, 文件 2: 259
  索引 2195: 文件 1: 112, 文件 2: 234
  索引 2224: 文件 1: 150, 文件 2: 137
  索引 2251: 文件 1: 190, 文件 2: 87
  索引 2284: 文件 1: 87, 文件 2: 91
  索引 2330: 文件 1: 118, 文件 2: 234
  索引 2341: 文件 1: 131, 文件 2: 207
  索引 2347: 文件 1: 131, 文件 2: 182
  索引 2356: 文件 1: 163, 文件 2: 202
  索引 2383: 文件 1: 135, 文件 2: 87
  索引 2401: 文件 1: 177, 文件 2: 191
  索引 2446: 文件 1: 100, 文件 2: 212
  索引 2504: 文件 1: 17, 文件 2: 229
  索引 2509: 文件 1: 5, 文件 2: 263
  索引 2605: 文件 1: 88, 文件 2: 74
  索引 2623: 文件 1: 243, 文件 2: 216
  索引 2633: 文件 1: 229, 文件 2: 163